<?xml version="1.0" encoding="utf-8"?><testsuites name="pytest tests"><testsuite name="pytest" errors="0" failures="0" skipped="0" tests="3" time="0.781" timestamp="2026-01-16T11:16:16.331103+01:00" hostname="Vladyslavs-Mac-mini.local"><testcase classname="tests.ch05.test_ch05_core" name="test_base_score_matches_semantic_plus_lexical" time="0.128" /><testcase classname="tests.ch05.test_ch05_core" name="test_features_dimension_and_standardization" time="0.147" /><testcase classname="tests.ch05.test_ch05_core" name="test_reward_equals_weighted_sum_of_components" time="0.123" /></testsuite></testsuites>