<?xml version="1.0" encoding="utf-8"?><testsuites name="pytest tests"><testsuite name="pytest" errors="0" failures="0" skipped="0" tests="28" time="72.641" timestamp="2026-01-16T11:53:00.559667+01:00" hostname="Vladyslavs-Mac-mini.local"><testcase classname="tests.ch06.test_feature_modes_integration" name="test_template_selection_tracking" time="72.194" /><testcase classname="tests.ch06.test_integration" name="test_linucb_training_loop" time="0.011" /><testcase classname="tests.ch06.test_integration" name="test_thompson_sampling_training_loop" time="0.011" /><testcase classname="tests.ch06.test_integration" name="test_linucb_reproducibility" time="0.004" /><testcase classname="tests.ch06.test_integration" name="test_exploration_decay" time="0.010" /><testcase classname="tests.ch06.test_linucb" name="test_initialization" time="0.000" /><testcase classname="tests.ch06.test_linucb" name="test_select_action_deterministic" time="0.001" /><testcase classname="tests.ch06.test_linucb" name="test_select_action_valid_range" time="0.001" /><testcase classname="tests.ch06.test_linucb" name="test_ucb_exploration_bonus" time="0.000" /><testcase classname="tests.ch06.test_linucb" name="test_posterior_mean_identical_to_thompson_sampling" time="0.001" /><testcase classname="tests.ch06.test_linucb" name="test_adaptive_alpha_decay" time="0.002" /><testcase classname="tests.ch06.test_linucb" name="test_update_design_matrix" time="0.000" /><testcase classname="tests.ch06.test_linucb" name="test_diagnostics" time="0.001" /><testcase classname="tests.ch06.test_templates" name="test_compute_catalog_stats" time="0.000" /><testcase classname="tests.ch06.test_templates" name="test_create_standard_templates" time="0.000" /><testcase classname="tests.ch06.test_templates" name="test_template_application_bounded" time="0.000" /><testcase classname="tests.ch06.test_templates" name="test_neutral_template_zero_boost" time="0.000" /><testcase classname="tests.ch06.test_templates" name="test_high_margin_template_semantic_correctness" time="0.000" /><testcase classname="tests.ch06.test_templates" name="test_cm2_boost_template_semantic_correctness" time="0.000" /><testcase classname="tests.ch06.test_templates" name="test_budget_template_semantic_correctness" time="0.000" /><testcase classname="tests.ch06.test_templates" name="test_discount_template_proportional_boost" time="0.000" /><testcase classname="tests.ch06.test_templates" name="test_strategic_template_semantic_correctness" time="0.000" /><testcase classname="tests.ch06.test_thompson_sampling" name="test_initialization" time="0.001" /><testcase classname="tests.ch06.test_thompson_sampling" name="test_select_action_valid_range" time="0.001" /><testcase classname="tests.ch06.test_thompson_sampling" name="test_update_increases_precision" time="0.000" /><testcase classname="tests.ch06.test_thompson_sampling" name="test_posterior_mean_convergence" time="0.002" /><testcase classname="tests.ch06.test_thompson_sampling" name="test_reproducibility_with_fixed_seed" time="0.002" /><testcase classname="tests.ch06.test_thompson_sampling" name="test_diagnostics" time="0.001" /></testsuite></testsuites>