<?xml version="1.0" encoding="utf-8"?><testsuites name="pytest tests"><testsuite name="pytest" errors="0" failures="0" skipped="0" tests="5" time="0.025" timestamp="2026-01-16T11:52:57.773514+01:00" hostname="Vladyslavs-Mac-mini.local"><testcase classname="tests.ch01.test_reward_examples" name="test_basic_reward_comparison" time="0.000" /><testcase classname="tests.ch01.test_reward_examples" name="test_profitability_weighting" time="0.000" /><testcase classname="tests.ch01.test_reward_examples" name="test_rpc_diagnostic" time="0.000" /><testcase classname="tests.ch01.test_reward_examples" name="test_delta_alpha_bounds" time="0.000" /><testcase classname="tests.ch01.test_reward_examples" name="test_rpc_edge_cases" time="0.000" /></testsuite></testsuites>